::1 - - [10/Sep/2023:06:56:48 +0000] "POST /api/login HTTP/1.1" 200 18 "-" "PostmanRuntime/7.32.3"
::1 - - [10/Sep/2023:08:58:18 +0000] "POST /api/login HTTP/1.1" 200 - "-" "PostmanRuntime/7.32.3"
::1 - - [10/Sep/2023:09:01:23 +0000] "POST /api/login HTTP/1.1" 200 2 "-" "PostmanRuntime/7.32.3"
::1 - - [10/Sep/2023:09:01:42 +0000] "POST /api/login HTTP/1.1" 200 2 "-" "PostmanRuntime/7.32.3"
::1 - - [10/Sep/2023:09:01:55 +0000] "POST /api/login HTTP/1.1" 200 2 "-" "PostmanRuntime/7.32.3"
::1 - - [10/Sep/2023:09:02:16 +0000] "POST /api/login HTTP/1.1" 500 1529 "-" "PostmanRuntime/7.32.3"
::1 - - [10/Sep/2023:09:02:23 +0000] "POST /api/login HTTP/1.1" 200 2 "-" "PostmanRuntime/7.32.3"
::1 - - [10/Sep/2023:09:02:31 +0000] "POST /api/login HTTP/1.1" 200 2 "-" "PostmanRuntime/7.32.3"
::1 - - [10/Sep/2023:09:03:51 +0000] "POST /api/login HTTP/1.1" 200 18 "-" "PostmanRuntime/7.32.3"
::1 - - [10/Sep/2023:09:04:12 +0000] "POST /api/login HTTP/1.1" 200 2 "-" "PostmanRuntime/7.32.3"
::1 - - [10/Sep/2023:09:04:19 +0000] "POST /api/login HTTP/1.1" 200 2 "-" "PostmanRuntime/7.32.3"
::1 - - [10/Sep/2023:09:04:20 +0000] "POST /api/login HTTP/1.1" 200 2 "-" "PostmanRuntime/7.32.3"
::1 - - [10/Sep/2023:09:04:20 +0000] "POST /api/login HTTP/1.1" 200 2 "-" "PostmanRuntime/7.32.3"
::1 - - [10/Sep/2023:09:04:37 +0000] "POST /api/login HTTP/1.1" 200 2 "-" "PostmanRuntime/7.32.3"
::1 - - [10/Sep/2023:09:04:38 +0000] "POST /api/login HTTP/1.1" 200 2 "-" "PostmanRuntime/7.32.3"
::1 - - [10/Sep/2023:09:04:38 +0000] "POST /api/login HTTP/1.1" 200 2 "-" "PostmanRuntime/7.32.3"
::1 - - [10/Sep/2023:09:06:31 +0000] "POST /api/login HTTP/1.1" - - "-" "PostmanRuntime/7.32.3"
::1 - - [10/Sep/2023:09:07:40 +0000] "POST /api/login HTTP/1.1" 500 1457 "-" "PostmanRuntime/7.32.3"
::1 - - [10/Sep/2023:09:08:03 +0000] "POST /api/login HTTP/1.1" 500 1455 "-" "PostmanRuntime/7.32.3"
::1 - - [10/Sep/2023:09:08:51 +0000] "POST /api/login HTTP/1.1" 200 - "-" "PostmanRuntime/7.32.3"
::1 - - [10/Sep/2023:09:09:02 +0000] "POST /api/login HTTP/1.1" 200 5 "-" "PostmanRuntime/7.32.3"
::1 - - [10/Sep/2023:09:09:03 +0000] "POST /api/login HTTP/1.1" 200 5 "-" "PostmanRuntime/7.32.3"
::1 - - [10/Sep/2023:09:09:03 +0000] "POST /api/login HTTP/1.1" 200 5 "-" "PostmanRuntime/7.32.3"
::1 - - [10/Sep/2023:09:09:20 +0000] "POST /api/login HTTP/1.1" - - "-" "PostmanRuntime/7.32.3"
::1 - - [10/Sep/2023:09:09:28 +0000] "POST /api/login HTTP/1.1" 200 5 "-" "PostmanRuntime/7.32.3"
::1 - - [10/Sep/2023:09:10:10 +0000] "POST /api/login HTTP/1.1" 500 1520 "-" "PostmanRuntime/7.32.3"
::1 - - [10/Sep/2023:09:10:44 +0000] "POST /api/login HTTP/1.1" 500 1520 "-" "PostmanRuntime/7.32.3"
::1 - - [10/Sep/2023:09:10:46 +0000] "POST /api/login HTTP/1.1" 500 1520 "-" "PostmanRuntime/7.32.3"
::1 - - [10/Sep/2023:09:11:36 +0000] "POST /api/login HTTP/1.1" 500 1520 "-" "PostmanRuntime/7.32.3"
::1 - - [10/Sep/2023:09:12:13 +0000] "POST /api/login HTTP/1.1" 500 1520 "-" "PostmanRuntime/7.32.3"
::1 - - [10/Sep/2023:09:12:16 +0000] "POST /api/login HTTP/1.1" 500 1520 "-" "PostmanRuntime/7.32.3"
::1 - - [10/Sep/2023:09:12:16 +0000] "POST /api/login HTTP/1.1" 500 1520 "-" "PostmanRuntime/7.32.3"
::1 - - [10/Sep/2023:09:12:18 +0000] "POST /api/login HTTP/1.1" 500 1520 "-" "PostmanRuntime/7.32.3"
::1 - - [10/Sep/2023:09:14:00 +0000] "POST /api/login HTTP/1.1" 500 1520 "-" "PostmanRuntime/7.32.3"
::1 - - [10/Sep/2023:09:14:41 +0000] "POST /api/login HTTP/1.1" 500 1520 "-" "PostmanRuntime/7.32.3"
::1 - - [10/Sep/2023:09:14:42 +0000] "POST /api/login HTTP/1.1" 500 1520 "-" "PostmanRuntime/7.32.3"
::1 - - [10/Sep/2023:09:14:42 +0000] "POST /api/login HTTP/1.1" 500 1520 "-" "PostmanRuntime/7.32.3"
::1 - - [10/Sep/2023:09:14:43 +0000] "POST /api/login HTTP/1.1" 500 1520 "-" "PostmanRuntime/7.32.3"
::1 - - [10/Sep/2023:09:16:28 +0000] "POST /api/login HTTP/1.1" 500 1520 "-" "PostmanRuntime/7.32.3"
::1 - - [10/Sep/2023:09:16:29 +0000] "POST /api/login HTTP/1.1" 500 1520 "-" "PostmanRuntime/7.32.3"
::1 - - [10/Sep/2023:09:16:30 +0000] "POST /api/login HTTP/1.1" 500 1520 "-" "PostmanRuntime/7.32.3"
::1 - - [10/Sep/2023:09:16:46 +0000] "POST /api/login HTTP/1.1" 500 1520 "-" "PostmanRuntime/7.32.3"
::1 - - [10/Sep/2023:09:19:38 +0000] "POST /api/login HTTP/1.1" 200 5 "-" "PostmanRuntime/7.32.3"
::1 - - [10/Sep/2023:09:21:01 +0000] "POST /api/login HTTP/1.1" 500 1518 "-" "PostmanRuntime/7.32.3"
::1 - - [10/Sep/2023:09:21:17 +0000] "POST /api/login HTTP/1.1" 500 1518 "-" "PostmanRuntime/7.32.3"
::1 - - [10/Sep/2023:09:21:18 +0000] "POST /api/login HTTP/1.1" 500 1518 "-" "PostmanRuntime/7.32.3"
::1 - - [10/Sep/2023:09:21:34 +0000] "POST /api/login HTTP/1.1" 200 10 "-" "PostmanRuntime/7.32.3"
::1 - - [10/Sep/2023:09:21:35 +0000] "POST /api/login HTTP/1.1" 200 10 "-" "PostmanRuntime/7.32.3"
::1 - - [10/Sep/2023:09:23:29 +0000] "POST /api/login HTTP/1.1" 500 1505 "-" "PostmanRuntime/7.32.3"
::1 - - [10/Sep/2023:09:23:38 +0000] "POST /api/login HTTP/1.1" 500 1505 "-" "PostmanRuntime/7.32.3"
::1 - - [10/Sep/2023:09:23:38 +0000] "POST /api/login HTTP/1.1" 500 1505 "-" "PostmanRuntime/7.32.3"
::1 - - [10/Sep/2023:09:23:39 +0000] "POST /api/login HTTP/1.1" 500 1505 "-" "PostmanRuntime/7.32.3"
::1 - - [10/Sep/2023:09:44:43 +0000] "POST /api/login HTTP/1.1" 500 1505 "-" "PostmanRuntime/7.32.3"
::1 - - [10/Sep/2023:10:07:44 +0000] "POST /api/login HTTP/1.1" 500 1505 "-" "PostmanRuntime/7.32.3"
::1 - - [10/Sep/2023:10:08:18 +0000] "POST /api/login HTTP/1.1" 200 - "-" "PostmanRuntime/7.32.3"
::1 - - [10/Sep/2023:10:08:29 +0000] "POST /api/login HTTP/1.1" 200 7 "-" "PostmanRuntime/7.32.3"
::1 - - [10/Sep/2023:10:08:36 +0000] "POST /api/login HTTP/1.1" 500 1505 "-" "PostmanRuntime/7.32.3"
::1 - - [10/Sep/2023:10:08:37 +0000] "POST /api/login HTTP/1.1" 500 1505 "-" "PostmanRuntime/7.32.3"
::1 - - [10/Sep/2023:10:08:53 +0000] "POST /api/login HTTP/1.1" 200 6 "-" "PostmanRuntime/7.32.3"
::1 - - [10/Sep/2023:10:10:30 +0000] "POST /api/login HTTP/1.1" 200 6 "-" "PostmanRuntime/7.32.3"
::1 - - [10/Sep/2023:10:12:17 +0000] "POST /api/login HTTP/1.1" 500 1505 "-" "PostmanRuntime/7.32.3"
::1 - - [10/Sep/2023:10:16:27 +0000] "POST /api/login HTTP/1.1" 200 6 "-" "PostmanRuntime/7.32.3"
::1 - - [10/Sep/2023:10:17:07 +0000] "POST /api/login HTTP/1.1" 200 2 "-" "PostmanRuntime/7.32.3"
::1 - - [10/Sep/2023:10:17:08 +0000] "POST /api/login HTTP/1.1" 200 2 "-" "PostmanRuntime/7.32.3"
::1 - - [10/Sep/2023:10:18:08 +0000] "POST /api/login HTTP/1.1" 500 1505 "-" "PostmanRuntime/7.32.3"
::1 - - [10/Sep/2023:10:19:23 +0000] "POST /api/login HTTP/1.1" - - "-" "PostmanRuntime/7.32.3"
::1 - - [10/Sep/2023:10:21:43 +0000] "POST /api/login HTTP/1.1" 200 - "-" "PostmanRuntime/7.32.3"
::1 - - [10/Sep/2023:10:21:43 +0000] "POST /api/login HTTP/1.1" 200 - "-" "PostmanRuntime/7.32.3"
::1 - - [10/Sep/2023:10:21:44 +0000] "POST /api/login HTTP/1.1" 200 - "-" "PostmanRuntime/7.32.3"
::1 - - [10/Sep/2023:10:21:48 +0000] "POST /api/login HTTP/1.1" 200 - "-" "PostmanRuntime/7.32.3"
::1 - - [10/Sep/2023:10:21:48 +0000] "POST /api/login HTTP/1.1" 200 - "-" "PostmanRuntime/7.32.3"
::1 - - [10/Sep/2023:10:21:58 +0000] "POST /api/login HTTP/1.1" 200 - "-" "PostmanRuntime/7.32.3"
::1 - - [10/Sep/2023:10:21:59 +0000] "POST /api/login HTTP/1.1" 200 - "-" "PostmanRuntime/7.32.3"
::1 - - [10/Sep/2023:10:22:00 +0000] "POST /api/login HTTP/1.1" 200 - "-" "PostmanRuntime/7.32.3"
::1 - - [10/Sep/2023:10:23:07 +0000] "POST /api/login HTTP/1.1" 200 - "-" "PostmanRuntime/7.32.3"
::1 - - [10/Sep/2023:10:23:07 +0000] "POST /api/login HTTP/1.1" 200 - "-" "PostmanRuntime/7.32.3"
::1 - - [10/Sep/2023:10:23:08 +0000] "POST /api/login HTTP/1.1" 200 - "-" "PostmanRuntime/7.32.3"
::1 - - [10/Sep/2023:10:23:08 +0000] "POST /api/login HTTP/1.1" 200 - "-" "PostmanRuntime/7.32.3"
::1 - - [10/Sep/2023:10:23:09 +0000] "POST /api/login HTTP/1.1" 200 - "-" "PostmanRuntime/7.32.3"
::1 - - [10/Sep/2023:10:23:11 +0000] "POST /api/login HTTP/1.1" 200 - "-" "PostmanRuntime/7.32.3"
::1 - - [10/Sep/2023:10:25:29 +0000] "POST /api/login HTTP/1.1" 200 - "-" "PostmanRuntime/7.32.3"
::1 - - [10/Sep/2023:10:25:54 +0000] "POST /api/login HTTP/1.1" 200 - "-" "PostmanRuntime/7.32.3"
::1 - - [10/Sep/2023:10:25:55 +0000] "POST /api/login HTTP/1.1" 200 - "-" "PostmanRuntime/7.32.3"
::1 - - [10/Sep/2023:10:25:56 +0000] "POST /api/login HTTP/1.1" 200 - "-" "PostmanRuntime/7.32.3"
::1 - - [10/Sep/2023:10:25:56 +0000] "POST /api/login HTTP/1.1" 200 - "-" "PostmanRuntime/7.32.3"
::1 - - [10/Sep/2023:10:25:57 +0000] "POST /api/login HTTP/1.1" 200 - "-" "PostmanRuntime/7.32.3"
::1 - - [10/Sep/2023:10:27:06 +0000] "POST /api/login HTTP/1.1" 200 - "-" "PostmanRuntime/7.32.3"
::1 - - [10/Sep/2023:10:27:20 +0000] "POST /api/login HTTP/1.1" 200 2 "-" "PostmanRuntime/7.32.3"
::1 - - [10/Sep/2023:10:27:31 +0000] "POST /api/login HTTP/1.1" 200 - "-" "PostmanRuntime/7.32.3"
::1 - - [10/Sep/2023:10:27:34 +0000] "POST /api/login HTTP/1.1" 200 - "-" "PostmanRuntime/7.32.3"
::1 - - [10/Sep/2023:10:27:35 +0000] "POST /api/login HTTP/1.1" 200 - "-" "PostmanRuntime/7.32.3"
::1 - - [10/Sep/2023:10:27:36 +0000] "POST /api/login HTTP/1.1" 200 - "-" "PostmanRuntime/7.32.3"
::1 - - [10/Sep/2023:10:32:41 +0000] "POST /api/login HTTP/1.1" 200 2 "-" "PostmanRuntime/7.32.3"
::1 - - [10/Sep/2023:10:34:42 +0000] "POST /api/login HTTP/1.1" 200 215 "-" "PostmanRuntime/7.32.3"
::1 - - [10/Sep/2023:10:34:43 +0000] "POST /api/login HTTP/1.1" 200 215 "-" "PostmanRuntime/7.32.3"
::1 - - [10/Sep/2023:10:35:05 +0000] "POST /api/login HTTP/1.1" 200 215 "-" "PostmanRuntime/7.32.3"
::1 - - [10/Sep/2023:10:35:05 +0000] "POST /api/login HTTP/1.1" 200 215 "-" "PostmanRuntime/7.32.3"
::1 - - [10/Sep/2023:10:35:06 +0000] "POST /api/login HTTP/1.1" 200 215 "-" "PostmanRuntime/7.32.3"
::1 - - [10/Sep/2023:10:35:43 +0000] "POST /api/login HTTP/1.1" 200 - "-" "PostmanRuntime/7.32.3"
::1 - - [10/Sep/2023:10:35:44 +0000] "POST /api/login HTTP/1.1" 200 - "-" "PostmanRuntime/7.32.3"
::1 - - [10/Sep/2023:10:35:45 +0000] "POST /api/login HTTP/1.1" 200 - "-" "PostmanRuntime/7.32.3"
::1 - - [10/Sep/2023:10:35:45 +0000] "POST /api/login HTTP/1.1" 200 - "-" "PostmanRuntime/7.32.3"
::1 - - [10/Sep/2023:10:35:46 +0000] "POST /api/login HTTP/1.1" 200 - "-" "PostmanRuntime/7.32.3"
::1 - - [10/Sep/2023:10:36:03 +0000] "POST /api/login HTTP/1.1" 200 - "-" "PostmanRuntime/7.32.3"
::1 - - [10/Sep/2023:10:36:04 +0000] "POST /api/login HTTP/1.1" 200 - "-" "PostmanRuntime/7.32.3"
::1 - - [10/Sep/2023:10:42:40 +0000] "POST /api/login HTTP/1.1" 200 7 "-" "PostmanRuntime/7.32.3"
::1 - - [10/Sep/2023:10:42:41 +0000] "POST /api/login HTTP/1.1" 200 7 "-" "PostmanRuntime/7.32.3"
::1 - - [10/Sep/2023:10:43:05 +0000] "POST /api/login HTTP/1.1" 200 7 "-" "PostmanRuntime/7.32.3"
::1 - - [10/Sep/2023:10:43:05 +0000] "POST /api/login HTTP/1.1" 200 7 "-" "PostmanRuntime/7.32.3"
::1 - - [10/Sep/2023:10:43:17 +0000] "POST /api/login HTTP/1.1" 200 17 "-" "PostmanRuntime/7.32.3"
::1 - - [10/Sep/2023:10:43:30 +0000] "POST /api/login HTTP/1.1" 200 - "-" "PostmanRuntime/7.32.3"
::1 - - [10/Sep/2023:10:43:30 +0000] "POST /api/login HTTP/1.1" 200 - "-" "PostmanRuntime/7.32.3"
::1 - - [10/Sep/2023:10:43:31 +0000] "POST /api/login HTTP/1.1" 200 - "-" "PostmanRuntime/7.32.3"
::1 - - [10/Sep/2023:10:46:29 +0000] "POST /api/login HTTP/1.1" 200 17 "-" "PostmanRuntime/7.32.3"
::1 - - [10/Sep/2023:10:46:30 +0000] "POST /api/login HTTP/1.1" 200 17 "-" "PostmanRuntime/7.32.3"
::1 - - [10/Sep/2023:10:47:43 +0000] "POST /api/login HTTP/1.1" 200 17 "-" "PostmanRuntime/7.32.3"
::1 - - [10/Sep/2023:10:47:44 +0000] "POST /api/login HTTP/1.1" 200 17 "-" "PostmanRuntime/7.32.3"
::1 - - [10/Sep/2023:14:44:30 +0000] "POST /api/login HTTP/1.1" 200 215 "-" "PostmanRuntime/7.32.3"
::1 - - [10/Sep/2023:14:46:14 +0000] "POST /api/login HTTP/1.1" 200 215 "-" "PostmanRuntime/7.32.3"
::1 - - [10/Sep/2023:14:46:15 +0000] "POST /api/login HTTP/1.1" 200 215 "-" "PostmanRuntime/7.32.3"
::1 - - [10/Sep/2023:14:46:15 +0000] "POST /api/login HTTP/1.1" 200 215 "-" "PostmanRuntime/7.32.3"
::1 - - [11/Sep/2023:04:15:03 +0000] "POST /api/login HTTP/1.1" 200 27 "-" "PostmanRuntime/7.32.3"
::1 - - [11/Sep/2023:04:46:33 +0000] "POST /api/login HTTP/1.1" 200 59 "-" "PostmanRuntime/7.32.3"
::1 - - [11/Sep/2023:04:54:26 +0000] "POST /api/login HTTP/1.1" 200 59 "-" "PostmanRuntime/7.32.3"
::1 - - [11/Sep/2023:04:55:19 +0000] "POST /api/login HTTP/1.1" 200 59 "-" "PostmanRuntime/7.32.3"
::1 - - [11/Sep/2023:04:57:16 +0000] "POST /api/login HTTP/1.1" 200 42 "-" "PostmanRuntime/7.32.3"
::1 - - [11/Sep/2023:04:57:22 +0000] "POST /api/login HTTP/1.1" 200 42 "-" "PostmanRuntime/7.32.3"
::1 - - [11/Sep/2023:04:58:04 +0000] "POST /api/login HTTP/1.1" 200 42 "-" "PostmanRuntime/7.32.3"
::1 - - [11/Sep/2023:04:58:08 +0000] "POST /api/login HTTP/1.1" 200 42 "-" "PostmanRuntime/7.32.3"
::1 - - [11/Sep/2023:04:58:15 +0000] "POST /api/login HTTP/1.1" 200 42 "-" "PostmanRuntime/7.32.3"
::1 - - [11/Sep/2023:04:58:43 +0000] "POST /api/login HTTP/1.1" 200 59 "-" "PostmanRuntime/7.32.3"
::1 - - [11/Sep/2023:05:13:01 +0000] "POST /api/login HTTP/1.1" 200 59 "-" "PostmanRuntime/7.32.3"
::1 - - [11/Sep/2023:05:19:58 +0000] "POST /api/login HTTP/1.1" 400 74 "-" "PostmanRuntime/7.32.3"
::1 - - [11/Sep/2023:05:20:40 +0000] "POST /api/login HTTP/1.1" - - "-" "PostmanRuntime/7.32.3"
::1 - - [11/Sep/2023:05:21:45 +0000] "POST /api/login HTTP/1.1" 400 64 "-" "PostmanRuntime/7.32.3"
::1 - - [11/Sep/2023:05:21:56 +0000] "POST /api/login HTTP/1.1" 400 64 "-" "PostmanRuntime/7.32.3"
::1 - - [11/Sep/2023:05:22:00 +0000] "POST /api/login HTTP/1.1" 200 57 "-" "PostmanRuntime/7.32.3"
::1 - - [11/Sep/2023:05:22:04 +0000] "POST /api/login HTTP/1.1" 200 57 "-" "PostmanRuntime/7.32.3"
::1 - - [11/Sep/2023:05:22:20 +0000] "POST /api/login HTTP/1.1" 200 270 "-" "PostmanRuntime/7.32.3"
::1 - - [11/Sep/2023:05:22:21 +0000] "POST /api/login HTTP/1.1" 200 270 "-" "PostmanRuntime/7.32.3"
::1 - - [11/Sep/2023:16:09:49 +0000] "POST /api/login HTTP/1.1" 200 270 "-" "PostmanRuntime/7.32.3"
::1 - - [11/Sep/2023:16:30:09 +0000] "POST /api/login HTTP/1.1" 200 482 "-" "PostmanRuntime/7.32.3"
::1 - - [11/Sep/2023:16:31:17 +0000] "POST /api/login HTTP/1.1" 200 70 "-" "PostmanRuntime/7.32.3"
::1 - - [11/Sep/2023:16:31:24 +0000] "POST /api/login HTTP/1.1" 200 482 "-" "PostmanRuntime/7.32.3"
::1 - - [12/Sep/2023:04:39:02 +0000] "POST /api/login HTTP/1.1" - - "-" "PostmanRuntime/7.32.3"
::1 - - [12/Sep/2023:04:39:26 +0000] "POST /api/login HTTP/1.1" 200 482 "-" "PostmanRuntime/7.32.3"
::1 - - [12/Sep/2023:05:29:37 +0000] "POST /api/login HTTP/1.1" 200 265 "-" "PostmanRuntime/7.32.3"
::1 - - [12/Sep/2023:07:18:08 +0000] "POST /api/login HTTP/1.1" 200 66 "-" "PostmanRuntime/7.32.3"
::1 - - [12/Sep/2023:07:18:45 +0000] "POST /api/login HTTP/1.1" 200 279 "-" "PostmanRuntime/7.32.3"
::1 - - [12/Sep/2023:07:22:32 +0000] "POST /api/login HTTP/1.1" 200 279 "-" "PostmanRuntime/7.32.3"
::1 - - [12/Sep/2023:07:24:46 +0000] "POST /api/login HTTP/1.1" 200 279 "-" "PostmanRuntime/7.32.3"
::1 - - [12/Sep/2023:07:24:49 +0000] "POST /api/login HTTP/1.1" 200 279 "-" "PostmanRuntime/7.32.3"
::1 - - [12/Sep/2023:07:25:20 +0000] "POST /api/login HTTP/1.1" 200 277 "-" "PostmanRuntime/7.32.3"
::1 - - [12/Sep/2023:07:25:21 +0000] "POST /api/login HTTP/1.1" 200 277 "-" "PostmanRuntime/7.32.3"
::1 - - [12/Sep/2023:07:25:22 +0000] "POST /api/login HTTP/1.1" 200 277 "-" "PostmanRuntime/7.32.3"
::1 - - [12/Sep/2023:07:25:39 +0000] "POST /api/login HTTP/1.1" 200 504 "-" "PostmanRuntime/7.32.3"
::1 - - [12/Sep/2023:07:29:21 +0000] "POST /api/login HTTP/1.1" 200 502 "-" "PostmanRuntime/7.32.3"
::1 - - [12/Sep/2023:07:30:30 +0000] "POST /api/login HTTP/1.1" 200 502 "-" "PostmanRuntime/7.32.3"
::1 - - [12/Sep/2023:09:47:47 +0000] "POST /api/login HTTP/1.1" 200 397 "-" "PostmanRuntime/7.32.3"
::1 - - [12/Sep/2023:09:51:22 +0000] "POST /api/login HTTP/1.1" 200 502 "-" "PostmanRuntime/7.32.3"
::1 - - [12/Sep/2023:09:51:23 +0000] "POST /api/login HTTP/1.1" 200 502 "-" "PostmanRuntime/7.32.3"
::1 - - [12/Sep/2023:09:52:07 +0000] "POST /api/login HTTP/1.1" 200 516 "-" "PostmanRuntime/7.32.3"
::1 - - [12/Sep/2023:09:52:24 +0000] "POST /api/login HTTP/1.1" 200 519 "-" "PostmanRuntime/7.32.3"
::1 - - [12/Sep/2023:09:52:45 +0000] "POST /api/login HTTP/1.1" 400 104 "-" "PostmanRuntime/7.32.3"
::1 - - [12/Sep/2023:09:52:46 +0000] "POST /api/login HTTP/1.1" 400 104 "-" "PostmanRuntime/7.32.3"
::1 - - [12/Sep/2023:09:53:21 +0000] "POST /api/login HTTP/1.1" 400 76 "-" "PostmanRuntime/7.32.3"
::1 - - [12/Sep/2023:09:53:22 +0000] "POST /api/login HTTP/1.1" 400 76 "-" "PostmanRuntime/7.32.3"
::1 - - [12/Sep/2023:09:53:45 +0000] "POST /api/login HTTP/1.1" 400 76 "-" "PostmanRuntime/7.32.3"
::1 - - [13/Sep/2023:15:55:25 +0000] "POST /api/login HTTP/1.1" 400 76 "-" "PostmanRuntime/7.32.3"
::1 - - [13/Sep/2023:15:55:32 +0000] "POST /api/login HTTP/1.1" 200 502 "-" "PostmanRuntime/7.32.3"
::1 - - [13/Sep/2023:15:56:19 +0000] "POST /api/login HTTP/1.1" 200 509 "-" "PostmanRuntime/7.32.3"
::1 - - [13/Sep/2023:15:57:05 +0000] "POST /api/navbars HTTP/1.1" 404 151 "-" "PostmanRuntime/7.32.3"
::1 - - [13/Sep/2023:16:34:30 +0000] "POST /api/navbars HTTP/1.1" 401 47 "-" "PostmanRuntime/7.32.3"
::1 - - [13/Sep/2023:16:34:49 +0000] "POST /api/login HTTP/1.1" 401 47 "-" "PostmanRuntime/7.32.3"
::1 - - [13/Sep/2023:16:36:12 +0000] "GET /api/test HTTP/1.1" 401 47 "-" "PostmanRuntime/7.32.3"
::1 - - [13/Sep/2023:16:36:13 +0000] "GET /api/test HTTP/1.1" 401 47 "-" "PostmanRuntime/7.32.3"
::1 - - [13/Sep/2023:16:36:16 +0000] "POST /api/login HTTP/1.1" 200 509 "-" "PostmanRuntime/7.32.3"
::1 - - [13/Sep/2023:16:36:24 +0000] "GET /api/test HTTP/1.1" 200 146 "-" "PostmanRuntime/7.32.3"
